{
  "stats": {
    "suites": 4,
    "tests": 7,
    "passes": 0,
    "pending": 0,
    "failures": 7,
    "start": "2021-03-22T11:38:08.111Z",
    "end": "2021-03-22T11:39:23.749Z",
    "duration": 75638,
    "testsRegistered": 7,
    "passPercent": 0,
    "pendingPercent": 0,
    "other": 0,
    "hasOther": false,
    "skipped": 0,
    "hasSkipped": false
  },
  "results": [
    {
      "uuid": "765ca363-5e22-42eb-87f3-ce318fdd7420",
      "title": "",
      "fullFile": "cypress/integration/explore_by_area_spec.js",
      "file": "cypress/integration/explore_by_area_spec.js",
      "beforeHooks": [],
      "afterHooks": [],
      "tests": [],
      "suites": [
        {
          "uuid": "6690a9b6-347c-48be-abfd-cb607e825ddf",
          "title": "78 - Implemente os elementos da tela de explorar por local de origem respeitando os atributos descritos no protótipo",
          "fullFile": "",
          "file": "",
          "beforeHooks": [],
          "afterHooks": [],
          "tests": [
            {
              "title": "A tela tem os data-testids de todos os 12 cards e de todos os locais de origem",
              "fullTitle": "78 - Implemente os elementos da tela de explorar por local de origem respeitando os atributos descritos no protótipo A tela tem os data-testids de todos os 12 cards e de todos os locais de origem",
              "timedOut": null,
              "duration": 11044,
              "state": "failed",
              "speed": null,
              "pass": false,
              "fail": true,
              "pending": false,
              "context": null,
              "code": "cy.visit('http://localhost:3000/explorar/comidas/area', {\n  onBeforeLoad: function onBeforeLoad(win) {\n    win.fetch = fetchMock;\n  }\n});\ncy.get('[data-testid=\"All-category-filter\"]').should('not.exist');\nmealCategoriesMock.meals.forEach(function (_ref) {\n  var category = _ref.strCategory;\n  cy.get(\"[data-testid=\\\"\".concat(category, \"-category-filter\\\"]\")).should('not.exist');\n});\ncy.get('[data-testid=\"explore-by-area-dropdown\"]');\nareasMock.meals.forEach(function (_ref2) {\n  var area = _ref2.strArea;\n  cy.get(\"[data-testid=\\\"\".concat(area, \"-option\\\"]\"));\n});\nfor (var index = 0; index < 12; index += 1) {\n  cy.get(\"[data-testid=\\\"\".concat(index, \"-recipe-card\\\"]\"));\n  cy.get(\"[data-testid=\\\"\".concat(index, \"-card-img\\\"]\"));\n  cy.get(\"[data-testid=\\\"\".concat(index, \"-card-name\\\"]\"));\n}\ncy.get('[data-testid=\"12-recipe-card\"]').should('not.exist');\ncy.get('[data-testid=\"12-card-img\"]').should('not.exist');\ncy.get('[data-testid=\"12-card-name\"]').should('not.exist');",
              "err": {
                "message": "CypressError: Timed out retrying: Expected to find element: '[data-testid=\"explore-by-area-dropdown\"]', but never found it.",
                "estack": "CypressError: Timed out retrying: Expected to find element: '[data-testid=\"explore-by-area-dropdown\"]', but never found it.\n    at Object.cypressErr (http://localhost:3000/__cypress/runner/cypress_runner.js:86207:11)\n    at Object.throwErr (http://localhost:3000/__cypress/runner/cypress_runner.js:86162:18)\n    at Object.throwErrByPath (http://localhost:3000/__cypress/runner/cypress_runner.js:86194:17)\n    at retry (http://localhost:3000/__cypress/runner/cypress_runner.js:76849:16)\n    at onFailFn (http://localhost:3000/__cypress/runner/cypress_runner.js:65634:16)\n    at tryCatcher (http://localhost:3000/__cypress/runner/cypress_runner.js:120203:23)\n    at Promise._settlePromiseFromHandler (http://localhost:3000/__cypress/runner/cypress_runner.js:118139:31)\n    at Promise._settlePromise (http://localhost:3000/__cypress/runner/cypress_runner.js:118196:18)\n    at Promise._settlePromise0 (http://localhost:3000/__cypress/runner/cypress_runner.js:118241:10)\n    at Promise._settlePromises (http://localhost:3000/__cypress/runner/cypress_runner.js:118316:18)\n    at Async../node_modules/bluebird/js/release/async.js.Async._drainQueue (http://localhost:3000/__cypress/runner/cypress_runner.js:114928:16)\n    at Async../node_modules/bluebird/js/release/async.js.Async._drainQueues (http://localhost:3000/__cypress/runner/cypress_runner.js:114938:10)\n    at Async.drainQueues (http://localhost:3000/__cypress/runner/cypress_runner.js:114812:14)",
                "diff": null
              },
              "uuid": "4b8721d0-bd5c-4ef3-8fa7-70a98b4755d4",
              "parentUUID": "6690a9b6-347c-48be-abfd-cb607e825ddf",
              "isHook": false,
              "skipped": false
            }
          ],
          "suites": [],
          "passes": [],
          "failures": [
            "4b8721d0-bd5c-4ef3-8fa7-70a98b4755d4"
          ],
          "pending": [],
          "skipped": [],
          "duration": 11044,
          "root": false,
          "rootEmpty": false,
          "_timeout": 2000
        },
        {
          "uuid": "be6f5b13-51e6-47ae-a7bf-966a9152ae0c",
          "title": "79 - Desenvolva as mesmas especificações da tela de receitas principal, com a diferença de que os filtros de categoria são substituídos por um dropdown",
          "fullFile": "",
          "file": "",
          "beforeHooks": [],
          "afterHooks": [],
          "tests": [
            {
              "title": "Devem ser carregadas as 12 primeiras receitas de comidas",
              "fullTitle": "79 - Desenvolva as mesmas especificações da tela de receitas principal, com a diferença de que os filtros de categoria são substituídos por um dropdown Devem ser carregadas as 12 primeiras receitas de comidas",
              "timedOut": null,
              "duration": 10429,
              "state": "failed",
              "speed": null,
              "pass": false,
              "fail": true,
              "pending": false,
              "context": null,
              "code": "cy.visit('http://localhost:3000/explorar/comidas/area', {\n  onBeforeLoad: function onBeforeLoad(win) {\n    win.fetch = fetchMock;\n  }\n});\ncheckFirstMeals(mealsMock.meals);",
              "err": {
                "message": "CypressError: Timed out retrying: Expected to find element: '[data-testid=\"0-recipe-card\"]', but never found it.",
                "estack": "CypressError: Timed out retrying: Expected to find element: '[data-testid=\"0-recipe-card\"]', but never found it.\n    at Object.cypressErr (http://localhost:3000/__cypress/runner/cypress_runner.js:86207:11)\n    at Object.throwErr (http://localhost:3000/__cypress/runner/cypress_runner.js:86162:18)\n    at Object.throwErrByPath (http://localhost:3000/__cypress/runner/cypress_runner.js:86194:17)\n    at retry (http://localhost:3000/__cypress/runner/cypress_runner.js:76849:16)\n    at onFailFn (http://localhost:3000/__cypress/runner/cypress_runner.js:65634:16)\n    at tryCatcher (http://localhost:3000/__cypress/runner/cypress_runner.js:120203:23)\n    at Promise._settlePromiseFromHandler (http://localhost:3000/__cypress/runner/cypress_runner.js:118139:31)\n    at Promise._settlePromise (http://localhost:3000/__cypress/runner/cypress_runner.js:118196:18)\n    at Promise._settlePromise0 (http://localhost:3000/__cypress/runner/cypress_runner.js:118241:10)\n    at Promise._settlePromises (http://localhost:3000/__cypress/runner/cypress_runner.js:118316:18)\n    at Async../node_modules/bluebird/js/release/async.js.Async._drainQueue (http://localhost:3000/__cypress/runner/cypress_runner.js:114928:16)\n    at Async../node_modules/bluebird/js/release/async.js.Async._drainQueues (http://localhost:3000/__cypress/runner/cypress_runner.js:114938:10)\n    at Async.drainQueues (http://localhost:3000/__cypress/runner/cypress_runner.js:114812:14)",
                "diff": null
              },
              "uuid": "bd61bd4d-04af-42a1-a67a-ed1d8b13b5de",
              "parentUUID": "be6f5b13-51e6-47ae-a7bf-966a9152ae0c",
              "isHook": false,
              "skipped": false
            },
            {
              "title": "Ao selecionar um filtro de local de origem, todas as receitas devem mudar para os dados filtrados da API",
              "fullTitle": "79 - Desenvolva as mesmas especificações da tela de receitas principal, com a diferença de que os filtros de categoria são substituídos por um dropdown Ao selecionar um filtro de local de origem, todas as receitas devem mudar para os dados filtrados da API",
              "timedOut": null,
              "duration": 10431,
              "state": "failed",
              "speed": null,
              "pass": false,
              "fail": true,
              "pending": false,
              "context": null,
              "code": "cy.visit('http://localhost:3000/explorar/comidas/area', {\n  onBeforeLoad: function onBeforeLoad(win) {\n    win.fetch = fetchMock;\n  }\n});\ncy.get('[data-testid=\"explore-by-area-dropdown\"]').select('Japanese');\ncheckFirstMeals(japaneseMealsMock.meals, 5);\ncy.get('[data-testid=\"explore-by-area-dropdown\"]').select('Italian');\ncheckFirstMeals(italianMealsMock.meals);",
              "err": {
                "message": "CypressError: Timed out retrying: Expected to find element: '[data-testid=\"explore-by-area-dropdown\"]', but never found it.",
                "estack": "CypressError: Timed out retrying: Expected to find element: '[data-testid=\"explore-by-area-dropdown\"]', but never found it.\n    at Object.cypressErr (http://localhost:3000/__cypress/runner/cypress_runner.js:86207:11)\n    at Object.throwErr (http://localhost:3000/__cypress/runner/cypress_runner.js:86162:18)\n    at Object.throwErrByPath (http://localhost:3000/__cypress/runner/cypress_runner.js:86194:17)\n    at retry (http://localhost:3000/__cypress/runner/cypress_runner.js:76849:16)\n    at onFailFn (http://localhost:3000/__cypress/runner/cypress_runner.js:65634:16)\n    at tryCatcher (http://localhost:3000/__cypress/runner/cypress_runner.js:120203:23)\n    at Promise._settlePromiseFromHandler (http://localhost:3000/__cypress/runner/cypress_runner.js:118139:31)\n    at Promise._settlePromise (http://localhost:3000/__cypress/runner/cypress_runner.js:118196:18)\n    at Promise._settlePromise0 (http://localhost:3000/__cypress/runner/cypress_runner.js:118241:10)\n    at Promise._settlePromises (http://localhost:3000/__cypress/runner/cypress_runner.js:118316:18)\n    at Async../node_modules/bluebird/js/release/async.js.Async._drainQueue (http://localhost:3000/__cypress/runner/cypress_runner.js:114928:16)\n    at Async../node_modules/bluebird/js/release/async.js.Async._drainQueues (http://localhost:3000/__cypress/runner/cypress_runner.js:114938:10)\n    at Async.drainQueues (http://localhost:3000/__cypress/runner/cypress_runner.js:114812:14)",
                "diff": null
              },
              "uuid": "3f6c03f4-dc64-4d8c-b663-fb299acc4756",
              "parentUUID": "be6f5b13-51e6-47ae-a7bf-966a9152ae0c",
              "isHook": false,
              "skipped": false
            },
            {
              "title": "Ao clicar no card, a rota deve mudar para a tela de detalhes da receita com o ID da mesma na URL",
              "fullTitle": "79 - Desenvolva as mesmas especificações da tela de receitas principal, com a diferença de que os filtros de categoria são substituídos por um dropdown Ao clicar no card, a rota deve mudar para a tela de detalhes da receita com o ID da mesma na URL",
              "timedOut": null,
              "duration": 10496,
              "state": "failed",
              "speed": null,
              "pass": false,
              "fail": true,
              "pending": false,
              "context": null,
              "code": "cy.visit('http://localhost:3000/explorar/comidas/area', {\n  onBeforeLoad: function onBeforeLoad(win) {\n    win.fetch = fetchMock;\n  }\n});\ncy.get('[data-testid=\"0-recipe-card\"]').click();\ncy.location().should(function (loc) {\n  return expect(loc.pathname).to.eq('/comidas/52977');\n});",
              "err": {
                "message": "CypressError: Timed out retrying: Expected to find element: '[data-testid=\"0-recipe-card\"]', but never found it.",
                "estack": "CypressError: Timed out retrying: Expected to find element: '[data-testid=\"0-recipe-card\"]', but never found it.\n    at Object.cypressErr (http://localhost:3000/__cypress/runner/cypress_runner.js:86207:11)\n    at Object.throwErr (http://localhost:3000/__cypress/runner/cypress_runner.js:86162:18)\n    at Object.throwErrByPath (http://localhost:3000/__cypress/runner/cypress_runner.js:86194:17)\n    at retry (http://localhost:3000/__cypress/runner/cypress_runner.js:76849:16)\n    at onFailFn (http://localhost:3000/__cypress/runner/cypress_runner.js:65634:16)\n    at tryCatcher (http://localhost:3000/__cypress/runner/cypress_runner.js:120203:23)\n    at Promise._settlePromiseFromHandler (http://localhost:3000/__cypress/runner/cypress_runner.js:118139:31)\n    at Promise._settlePromise (http://localhost:3000/__cypress/runner/cypress_runner.js:118196:18)\n    at Promise._settlePromise0 (http://localhost:3000/__cypress/runner/cypress_runner.js:118241:10)\n    at Promise._settlePromises (http://localhost:3000/__cypress/runner/cypress_runner.js:118316:18)\n    at Async../node_modules/bluebird/js/release/async.js.Async._drainQueue (http://localhost:3000/__cypress/runner/cypress_runner.js:114928:16)\n    at Async../node_modules/bluebird/js/release/async.js.Async._drainQueues (http://localhost:3000/__cypress/runner/cypress_runner.js:114938:10)\n    at Async.drainQueues (http://localhost:3000/__cypress/runner/cypress_runner.js:114812:14)",
                "diff": null
              },
              "uuid": "ca389591-25f5-425f-bff4-45e0e5833436",
              "parentUUID": "be6f5b13-51e6-47ae-a7bf-966a9152ae0c",
              "isHook": false,
              "skipped": false
            }
          ],
          "suites": [],
          "passes": [],
          "failures": [
            "bd61bd4d-04af-42a1-a67a-ed1d8b13b5de",
            "3f6c03f4-dc64-4d8c-b663-fb299acc4756",
            "ca389591-25f5-425f-bff4-45e0e5833436"
          ],
          "pending": [],
          "skipped": [],
          "duration": 31356,
          "root": false,
          "rootEmpty": false,
          "_timeout": 2000
        },
        {
          "uuid": "ad790745-78c4-495e-ad9a-2be939658b15",
          "title": "80 - Implemente o dropdown de maneira que devem estar disponíveis todas as áreas retornadas da API, incluindo a opção \"All\", que retorna as receitas sem nenhum filtro",
          "fullFile": "",
          "file": "",
          "beforeHooks": [],
          "afterHooks": [],
          "tests": [
            {
              "title": "No dropdown devem estar disponíveis todas as áreas retornadas da API, incluindo a opção \"All\"",
              "fullTitle": "80 - Implemente o dropdown de maneira que devem estar disponíveis todas as áreas retornadas da API, incluindo a opção \"All\", que retorna as receitas sem nenhum filtro No dropdown devem estar disponíveis todas as áreas retornadas da API, incluindo a opção \"All\"",
              "timedOut": null,
              "duration": 10514,
              "state": "failed",
              "speed": null,
              "pass": false,
              "fail": true,
              "pending": false,
              "context": null,
              "code": "cy.visit('http://localhost:3000/explorar/comidas/area', {\n  onBeforeLoad: function onBeforeLoad(win) {\n    win.fetch = fetchMock;\n  }\n});\ncy.get('[data-testid=\"All-option\"]').contains('All');\nareasMock.meals.forEach(function (_ref3) {\n  var area = _ref3.strArea;\n  cy.get(\"[data-testid=\\\"\".concat(area, \"-option\\\"]\")).contains(area);\n});",
              "err": {
                "message": "CypressError: Timed out retrying: Expected to find element: '[data-testid=\"All-option\"]', but never found it.",
                "estack": "CypressError: Timed out retrying: Expected to find element: '[data-testid=\"All-option\"]', but never found it.\n    at Object.cypressErr (http://localhost:3000/__cypress/runner/cypress_runner.js:86207:11)\n    at Object.throwErr (http://localhost:3000/__cypress/runner/cypress_runner.js:86162:18)\n    at Object.throwErrByPath (http://localhost:3000/__cypress/runner/cypress_runner.js:86194:17)\n    at retry (http://localhost:3000/__cypress/runner/cypress_runner.js:76849:16)\n    at onFailFn (http://localhost:3000/__cypress/runner/cypress_runner.js:65634:16)\n    at tryCatcher (http://localhost:3000/__cypress/runner/cypress_runner.js:120203:23)\n    at Promise._settlePromiseFromHandler (http://localhost:3000/__cypress/runner/cypress_runner.js:118139:31)\n    at Promise._settlePromise (http://localhost:3000/__cypress/runner/cypress_runner.js:118196:18)\n    at Promise._settlePromise0 (http://localhost:3000/__cypress/runner/cypress_runner.js:118241:10)\n    at Promise._settlePromises (http://localhost:3000/__cypress/runner/cypress_runner.js:118316:18)\n    at Async../node_modules/bluebird/js/release/async.js.Async._drainQueue (http://localhost:3000/__cypress/runner/cypress_runner.js:114928:16)\n    at Async../node_modules/bluebird/js/release/async.js.Async._drainQueues (http://localhost:3000/__cypress/runner/cypress_runner.js:114938:10)\n    at Async.drainQueues (http://localhost:3000/__cypress/runner/cypress_runner.js:114812:14)",
                "diff": null
              },
              "uuid": "9076cb90-4045-4cf0-8c25-43e150a92eb3",
              "parentUUID": "ad790745-78c4-495e-ad9a-2be939658b15",
              "isHook": false,
              "skipped": false
            },
            {
              "title": "A opção \"All\" retorna as receitas sem nenhum filtro",
              "fullTitle": "80 - Implemente o dropdown de maneira que devem estar disponíveis todas as áreas retornadas da API, incluindo a opção \"All\", que retorna as receitas sem nenhum filtro A opção \"All\" retorna as receitas sem nenhum filtro",
              "timedOut": null,
              "duration": 10574,
              "state": "failed",
              "speed": null,
              "pass": false,
              "fail": true,
              "pending": false,
              "context": null,
              "code": "cy.visit('http://localhost:3000/explorar/comidas/area', {\n  onBeforeLoad: function onBeforeLoad(win) {\n    win.fetch = fetchMock;\n  }\n});\ncy.get('[data-testid=\"explore-by-area-dropdown\"]').select('Japanese');\ncheckFirstMeals(japaneseMealsMock.meals, 5);\ncy.get('[data-testid=\"explore-by-area-dropdown\"]').select('All');\ncheckFirstMeals(mealsMock.meals);",
              "err": {
                "message": "CypressError: Timed out retrying: Expected to find element: '[data-testid=\"explore-by-area-dropdown\"]', but never found it.",
                "estack": "CypressError: Timed out retrying: Expected to find element: '[data-testid=\"explore-by-area-dropdown\"]', but never found it.\n    at Object.cypressErr (http://localhost:3000/__cypress/runner/cypress_runner.js:86207:11)\n    at Object.throwErr (http://localhost:3000/__cypress/runner/cypress_runner.js:86162:18)\n    at Object.throwErrByPath (http://localhost:3000/__cypress/runner/cypress_runner.js:86194:17)\n    at retry (http://localhost:3000/__cypress/runner/cypress_runner.js:76849:16)\n    at onFailFn (http://localhost:3000/__cypress/runner/cypress_runner.js:65634:16)\n    at tryCatcher (http://localhost:3000/__cypress/runner/cypress_runner.js:120203:23)\n    at Promise._settlePromiseFromHandler (http://localhost:3000/__cypress/runner/cypress_runner.js:118139:31)\n    at Promise._settlePromise (http://localhost:3000/__cypress/runner/cypress_runner.js:118196:18)\n    at Promise._settlePromise0 (http://localhost:3000/__cypress/runner/cypress_runner.js:118241:10)\n    at Promise._settlePromises (http://localhost:3000/__cypress/runner/cypress_runner.js:118316:18)\n    at Async../node_modules/bluebird/js/release/async.js.Async._drainQueue (http://localhost:3000/__cypress/runner/cypress_runner.js:114928:16)\n    at Async../node_modules/bluebird/js/release/async.js.Async._drainQueues (http://localhost:3000/__cypress/runner/cypress_runner.js:114938:10)\n    at Async.drainQueues (http://localhost:3000/__cypress/runner/cypress_runner.js:114812:14)",
                "diff": null
              },
              "uuid": "1f8ee111-c318-4f62-b67d-368179035f10",
              "parentUUID": "ad790745-78c4-495e-ad9a-2be939658b15",
              "isHook": false,
              "skipped": false
            }
          ],
          "suites": [],
          "passes": [],
          "failures": [
            "9076cb90-4045-4cf0-8c25-43e150a92eb3",
            "1f8ee111-c318-4f62-b67d-368179035f10"
          ],
          "pending": [],
          "skipped": [],
          "duration": 21088,
          "root": false,
          "rootEmpty": false,
          "_timeout": 2000
        },
        {
          "uuid": "4e38e32d-0041-4550-b9be-1bd7ac37f64c",
          "title": "81 - Implemente a rota que deve ser apenas `/explorar/comidas/area`",
          "fullFile": "",
          "file": "",
          "beforeHooks": [],
          "afterHooks": [],
          "tests": [
            {
              "title": "Ao acessar a rota ela retorna um erro de \"Not Found\"",
              "fullTitle": "81 - Implemente a rota que deve ser apenas `/explorar/comidas/area` Ao acessar a rota ela retorna um erro de \"Not Found\"",
              "timedOut": null,
              "duration": 10490,
              "state": "failed",
              "speed": null,
              "pass": false,
              "fail": true,
              "pending": false,
              "context": null,
              "code": "cy.visit('http://localhost:3000/explorar/bebidas/area');\ncy.contains('Not Found');",
              "err": {
                "message": "CypressError: Timed out retrying: Expected to find content: 'Not Found' but never did.",
                "estack": "CypressError: Timed out retrying: Expected to find content: 'Not Found' but never did.\n    at Object.cypressErr (http://localhost:3000/__cypress/runner/cypress_runner.js:86207:11)\n    at Object.throwErr (http://localhost:3000/__cypress/runner/cypress_runner.js:86162:18)\n    at Object.throwErrByPath (http://localhost:3000/__cypress/runner/cypress_runner.js:86194:17)\n    at retry (http://localhost:3000/__cypress/runner/cypress_runner.js:76849:16)\n    at onFailFn (http://localhost:3000/__cypress/runner/cypress_runner.js:65634:16)\n    at tryCatcher (http://localhost:3000/__cypress/runner/cypress_runner.js:120203:23)\n    at Promise._settlePromiseFromHandler (http://localhost:3000/__cypress/runner/cypress_runner.js:118139:31)\n    at Promise._settlePromise (http://localhost:3000/__cypress/runner/cypress_runner.js:118196:18)\n    at Promise._settlePromise0 (http://localhost:3000/__cypress/runner/cypress_runner.js:118241:10)\n    at Promise._settlePromises (http://localhost:3000/__cypress/runner/cypress_runner.js:118316:18)\n    at Async../node_modules/bluebird/js/release/async.js.Async._drainQueue (http://localhost:3000/__cypress/runner/cypress_runner.js:114928:16)\n    at Async../node_modules/bluebird/js/release/async.js.Async._drainQueues (http://localhost:3000/__cypress/runner/cypress_runner.js:114938:10)\n    at Async.drainQueues (http://localhost:3000/__cypress/runner/cypress_runner.js:114812:14)",
                "diff": null
              },
              "uuid": "b153b0e1-a5b1-49ed-b77a-908206980d8b",
              "parentUUID": "4e38e32d-0041-4550-b9be-1bd7ac37f64c",
              "isHook": false,
              "skipped": false
            }
          ],
          "suites": [],
          "passes": [],
          "failures": [
            "b153b0e1-a5b1-49ed-b77a-908206980d8b"
          ],
          "pending": [],
          "skipped": [],
          "duration": 10490,
          "root": false,
          "rootEmpty": false,
          "_timeout": 2000
        }
      ],
      "passes": [],
      "failures": [],
      "pending": [],
      "skipped": [],
      "duration": 0,
      "root": true,
      "rootEmpty": true,
      "_timeout": 2000
    }
  ],
  "meta": {
    "mocha": {
      "version": "8.2.1"
    },
    "mochawesome": {
      "options": {
        "quiet": false,
        "reportFilename": "mochawesome",
        "saveHtml": false,
        "saveJson": true,
        "consoleReporter": "spec",
        "useInlineDiffs": false,
        "code": true
      },
      "version": "6.2.1"
    },
    "marge": {
      "options": {
        "id": "default",
        "reportDir": "cypress/reports",
        "overwrite": false,
        "html": false,
        "json": true
      },
      "version": "5.1.0"
    }
  }
}