{
  "stats": {
    "suites": 7,
    "tests": 7,
    "passes": 7,
    "pending": 0,
    "failures": 0,
    "start": "2021-03-22T20:13:36.845Z",
    "end": "2021-03-22T20:13:41.588Z",
    "duration": 4743,
    "testsRegistered": 7,
    "passPercent": 100,
    "pendingPercent": 0,
    "other": 0,
    "hasOther": false,
    "skipped": 0,
    "hasSkipped": false
  },
  "results": [
    {
      "uuid": "2d4cd221-c94b-4b51-988e-e681e8df0c0c",
      "title": "",
      "fullFile": "cypress/integration/aprofile_spec.js",
      "file": "cypress/integration/aprofile_spec.js",
      "beforeHooks": [],
      "afterHooks": [],
      "tests": [],
      "suites": [
        {
          "uuid": "8b5a91de-af17-4f59-a868-afb8fbf59b61",
          "title": "Profile screen",
          "fullFile": "",
          "file": "",
          "beforeHooks": [],
          "afterHooks": [],
          "tests": [],
          "suites": [
            {
              "uuid": "e4f2341c-1367-44ec-a28d-768d5794e475",
              "title": "82 - Implemente os elementos da a tela de perfil respeitando os atributos descritos no protótipo",
              "fullFile": "",
              "file": "",
              "beforeHooks": [],
              "afterHooks": [],
              "tests": [
                {
                  "title": "Todos o data-testid do email e de todos os botões",
                  "fullTitle": "Profile screen 82 - Implemente os elementos da a tela de perfil respeitando os atributos descritos no protótipo Todos o data-testid do email e de todos os botões",
                  "timedOut": null,
                  "duration": 1489,
                  "state": "passed",
                  "speed": "slow",
                  "pass": true,
                  "fail": false,
                  "pending": false,
                  "context": null,
                  "code": "cy.get('[data-testid=\"profile-email\"]');\ncy.get('[data-testid=\"profile-done-btn\"]');\ncy.get('[data-testid=\"profile-favorite-btn\"]');\ncy.get('[data-testid=\"profile-logout-btn\"]');",
                  "err": {},
                  "uuid": "17565579-258b-4479-a285-bf574a961590",
                  "parentUUID": "e4f2341c-1367-44ec-a28d-768d5794e475",
                  "isHook": false,
                  "skipped": false
                }
              ],
              "suites": [],
              "passes": [
                "17565579-258b-4479-a285-bf574a961590"
              ],
              "failures": [],
              "pending": [],
              "skipped": [],
              "duration": 1489,
              "root": false,
              "rootEmpty": false,
              "_timeout": 2000
            },
            {
              "uuid": "3502b398-0e57-4608-8700-3b2a3f4b54b8",
              "title": "83 - Implemente a solução de maneira que o e-mail da pessoa usuária deve estar visível",
              "fullFile": "",
              "file": "",
              "beforeHooks": [],
              "afterHooks": [],
              "tests": [
                {
                  "title": "O e-mail armazenado em localStorage está visível",
                  "fullTitle": "Profile screen 83 - Implemente a solução de maneira que o e-mail da pessoa usuária deve estar visível O e-mail armazenado em localStorage está visível",
                  "timedOut": null,
                  "duration": 279,
                  "state": "passed",
                  "speed": "slow",
                  "pass": true,
                  "fail": false,
                  "pending": false,
                  "context": null,
                  "code": "cy.get('[data-testid=\"profile-email\"]').contains('email@mail.com');",
                  "err": {},
                  "uuid": "e97a99ff-6abb-4a35-b9cc-67c86df3fa98",
                  "parentUUID": "3502b398-0e57-4608-8700-3b2a3f4b54b8",
                  "isHook": false,
                  "skipped": false
                }
              ],
              "suites": [],
              "passes": [
                "e97a99ff-6abb-4a35-b9cc-67c86df3fa98"
              ],
              "failures": [],
              "pending": [],
              "skipped": [],
              "duration": 279,
              "root": false,
              "rootEmpty": false,
              "_timeout": 2000
            },
            {
              "uuid": "53db2d32-1efb-41df-8c4d-e22d0cc0a338",
              "title": "84 - Implemente 3 botões: um de nome \"Receitas Feitas\", um de nome \"Receitas Favoritas\" e um de nome \"Sair\"",
              "fullFile": "",
              "file": "",
              "beforeHooks": [],
              "afterHooks": [],
              "tests": [
                {
                  "title": "A tela contêm todos os 3 botões",
                  "fullTitle": "Profile screen 84 - Implemente 3 botões: um de nome \"Receitas Feitas\", um de nome \"Receitas Favoritas\" e um de nome \"Sair\" A tela contêm todos os 3 botões",
                  "timedOut": null,
                  "duration": 193,
                  "state": "passed",
                  "speed": "slow",
                  "pass": true,
                  "fail": false,
                  "pending": false,
                  "context": null,
                  "code": "cy.get('[data-testid=\"profile-done-btn\"]').contains('Receitas Feitas');\ncy.get('[data-testid=\"profile-favorite-btn\"]').contains('Receitas Favoritas');\ncy.get('[data-testid=\"profile-logout-btn\"]').contains('Sair');",
                  "err": {},
                  "uuid": "b77209ec-3723-4fc1-8909-869e35426c20",
                  "parentUUID": "53db2d32-1efb-41df-8c4d-e22d0cc0a338",
                  "isHook": false,
                  "skipped": false
                }
              ],
              "suites": [],
              "passes": [
                "b77209ec-3723-4fc1-8909-869e35426c20"
              ],
              "failures": [],
              "pending": [],
              "skipped": [],
              "duration": 193,
              "root": false,
              "rootEmpty": false,
              "_timeout": 2000
            },
            {
              "uuid": "6752e763-85b7-4aac-95d3-9d0894652279",
              "title": "85 - Redirecione a pessoa usuária que, ao clicar no botão de \"Receitas Favoritas\", a rota deve mudar para a tela de receitas favoritas",
              "fullFile": "",
              "file": "",
              "beforeHooks": [],
              "afterHooks": [],
              "tests": [
                {
                  "title": "Redireciona para a rota correta",
                  "fullTitle": "Profile screen 85 - Redirecione a pessoa usuária que, ao clicar no botão de \"Receitas Favoritas\", a rota deve mudar para a tela de receitas favoritas Redireciona para a rota correta",
                  "timedOut": null,
                  "duration": 344,
                  "state": "passed",
                  "speed": "slow",
                  "pass": true,
                  "fail": false,
                  "pending": false,
                  "context": null,
                  "code": "cy.get('[data-testid=\"profile-done-btn\"]').click();\ncy.location().should(function (loc) {\n  return expect(loc.pathname).to.eq('/receitas-feitas');\n});",
                  "err": {},
                  "uuid": "8017ac7e-9486-492c-b6c5-c03fdbcbb16d",
                  "parentUUID": "6752e763-85b7-4aac-95d3-9d0894652279",
                  "isHook": false,
                  "skipped": false
                }
              ],
              "suites": [],
              "passes": [
                "8017ac7e-9486-492c-b6c5-c03fdbcbb16d"
              ],
              "failures": [],
              "pending": [],
              "skipped": [],
              "duration": 344,
              "root": false,
              "rootEmpty": false,
              "_timeout": 2000
            },
            {
              "uuid": "a77b50be-4941-4f4e-af16-0b93c98dc0b8",
              "title": "86 - Redirecione a pessoa usuária que, ao clicar no botão de \"Receitas Feitas\", a rota deve mudar para a tela de receitas feitas",
              "fullFile": "",
              "file": "",
              "beforeHooks": [],
              "afterHooks": [],
              "tests": [
                {
                  "title": "Redireciona para a rota correta",
                  "fullTitle": "Profile screen 86 - Redirecione a pessoa usuária que, ao clicar no botão de \"Receitas Feitas\", a rota deve mudar para a tela de receitas feitas Redireciona para a rota correta",
                  "timedOut": null,
                  "duration": 294,
                  "state": "passed",
                  "speed": "slow",
                  "pass": true,
                  "fail": false,
                  "pending": false,
                  "context": null,
                  "code": "cy.get('[data-testid=\"profile-favorite-btn\"]').click();\ncy.location().should(function (loc) {\n  return expect(loc.pathname).to.eq('/receitas-favoritas');\n});",
                  "err": {},
                  "uuid": "2c512295-abf4-49cd-80d2-6dec853edf2c",
                  "parentUUID": "a77b50be-4941-4f4e-af16-0b93c98dc0b8",
                  "isHook": false,
                  "skipped": false
                }
              ],
              "suites": [],
              "passes": [
                "2c512295-abf4-49cd-80d2-6dec853edf2c"
              ],
              "failures": [],
              "pending": [],
              "skipped": [],
              "duration": 294,
              "root": false,
              "rootEmpty": false,
              "_timeout": 2000
            },
            {
              "uuid": "8cdb41a7-389f-4fd3-af74-3bc9e8859278",
              "title": "87 - Redirecione a pessoa usuária que, ao clicar no botão de \"Sair\", o `localStorage` deve ser limpo e a rota deve mudar para a tela de login",
              "fullFile": "",
              "file": "",
              "beforeHooks": [],
              "afterHooks": [],
              "tests": [
                {
                  "title": "Limpa todas as chaves da localStorage",
                  "fullTitle": "Profile screen 87 - Redirecione a pessoa usuária que, ao clicar no botão de \"Sair\", o `localStorage` deve ser limpo e a rota deve mudar para a tela de login Limpa todas as chaves da localStorage",
                  "timedOut": null,
                  "duration": 322,
                  "state": "passed",
                  "speed": "slow",
                  "pass": true,
                  "fail": false,
                  "pending": false,
                  "context": null,
                  "code": "cy.window().then(function (win) {\n  expect(win.localStorage.getItem('user')).to.eq('{ \"email\": \"email@mail.com\" }');\n  expect(win.localStorage.getItem('mealsToken')).to.eq('1');\n  expect(win.localStorage.getItem('cocktailsToken')).to.eq('1');\n  expect(win.localStorage.getItem('doneRecipes')).to.eq('[]');\n  expect(win.localStorage.getItem('favoriteRecipes')).to.eq('[]');\n  expect(win.localStorage.getItem('inProgressRecipes')).to.eq('{}');\n});\ncy.get('[data-testid=\"profile-logout-btn\"]').click();\ncy.window().then(function (win) {\n  expect(win.localStorage.getItem('email')).to.be.null;\n  expect(win.localStorage.getItem('mealsToken')).to.be.null;\n  expect(win.localStorage.getItem('cocktailsToken')).to.be.null;\n  expect(win.localStorage.getItem('doneRecipes')).to.be.null;\n  expect(win.localStorage.getItem('favoriteRecipes')).to.be.null;\n  expect(win.localStorage.getItem('inProgressRecipes')).to.be.null;\n});",
                  "err": {},
                  "uuid": "df83a67c-eb48-45b3-8a86-4f63522bd60f",
                  "parentUUID": "8cdb41a7-389f-4fd3-af74-3bc9e8859278",
                  "isHook": false,
                  "skipped": false
                },
                {
                  "title": "A rota muda para a tela de login",
                  "fullTitle": "Profile screen 87 - Redirecione a pessoa usuária que, ao clicar no botão de \"Sair\", o `localStorage` deve ser limpo e a rota deve mudar para a tela de login A rota muda para a tela de login",
                  "timedOut": null,
                  "duration": 264,
                  "state": "passed",
                  "speed": "slow",
                  "pass": true,
                  "fail": false,
                  "pending": false,
                  "context": null,
                  "code": "cy.get('[data-testid=\"profile-logout-btn\"]').click();\ncy.location().should(function (loc) {\n  return expect(loc.pathname).to.eq('/');\n});",
                  "err": {},
                  "uuid": "eedee9e4-1b3f-40d4-9ffd-b2a5b9c0e81e",
                  "parentUUID": "8cdb41a7-389f-4fd3-af74-3bc9e8859278",
                  "isHook": false,
                  "skipped": false
                }
              ],
              "suites": [],
              "passes": [
                "df83a67c-eb48-45b3-8a86-4f63522bd60f",
                "eedee9e4-1b3f-40d4-9ffd-b2a5b9c0e81e"
              ],
              "failures": [],
              "pending": [],
              "skipped": [],
              "duration": 586,
              "root": false,
              "rootEmpty": false,
              "_timeout": 2000
            }
          ],
          "passes": [],
          "failures": [],
          "pending": [],
          "skipped": [],
          "duration": 0,
          "root": false,
          "rootEmpty": false,
          "_timeout": 2000
        }
      ],
      "passes": [],
      "failures": [],
      "pending": [],
      "skipped": [],
      "duration": 0,
      "root": true,
      "rootEmpty": true,
      "_timeout": 2000
    }
  ],
  "meta": {
    "mocha": {
      "version": "8.2.1"
    },
    "mochawesome": {
      "options": {
        "quiet": false,
        "reportFilename": "mochawesome",
        "saveHtml": false,
        "saveJson": true,
        "consoleReporter": "spec",
        "useInlineDiffs": false,
        "code": true
      },
      "version": "6.2.1"
    },
    "marge": {
      "options": {
        "id": "default",
        "reportDir": "cypress/reports",
        "overwrite": false,
        "html": false,
        "json": true
      },
      "version": "5.1.0"
    }
  }
}