{
  "stats": {
    "suites": 3,
    "tests": 6,
    "passes": 0,
    "pending": 0,
    "failures": 6,
    "start": "2021-03-22T11:39:26.589Z",
    "end": "2021-03-22T11:40:31.707Z",
    "duration": 65118,
    "testsRegistered": 6,
    "passPercent": 0,
    "pendingPercent": 0,
    "other": 0,
    "hasOther": false,
    "skipped": 0,
    "hasSkipped": false
  },
  "results": [
    {
      "uuid": "99e610f2-7218-478c-881f-a84d6aaa3c0c",
      "title": "",
      "fullFile": "cypress/integration/explore_by_ingredient_spec.js",
      "file": "cypress/integration/explore_by_ingredient_spec.js",
      "beforeHooks": [],
      "afterHooks": [],
      "tests": [],
      "suites": [
        {
          "uuid": "2cdaac3d-a7df-474b-bf53-144710d484b8",
          "title": "75 - Implemente os elementos da tela de explorar ingredientes respeitando os atributos descritos no protótipo",
          "fullFile": "",
          "file": "",
          "beforeHooks": [],
          "afterHooks": [],
          "tests": [
            {
              "title": "Tem os data-testids corretos para a tela de explorar comidas por ingredientes",
              "fullTitle": "75 - Implemente os elementos da tela de explorar ingredientes respeitando os atributos descritos no protótipo Tem os data-testids corretos para a tela de explorar comidas por ingredientes",
              "timedOut": null,
              "duration": 11151,
              "state": "failed",
              "speed": null,
              "pass": false,
              "fail": true,
              "pending": false,
              "context": null,
              "code": "cy.visit('http://localhost:3000/explorar/comidas/ingredientes');\nfor (var index = 0; index < 12; index += 1) {\n  cy.get(\"[data-testid=\\\"\".concat(index, \"-ingredient-card\\\"]\"));\n  cy.get(\"[data-testid=\\\"\".concat(index, \"-card-img\\\"]\"));\n  cy.get(\"[data-testid=\\\"\".concat(index, \"-card-name\\\"]\"));\n}\ncy.get('[data-testid=\"12-card\"]').should('not.exist');\ncy.get('[data-testid=\"12-card-img\"]').should('not.exist');\ncy.get('[data-testid=\"12-card-name\"]').should('not.exist');",
              "err": {
                "message": "CypressError: Timed out retrying: Expected to find element: '[data-testid=\"0-ingredient-card\"]', but never found it.",
                "estack": "CypressError: Timed out retrying: Expected to find element: '[data-testid=\"0-ingredient-card\"]', but never found it.\n    at Object.cypressErr (http://localhost:3000/__cypress/runner/cypress_runner.js:86207:11)\n    at Object.throwErr (http://localhost:3000/__cypress/runner/cypress_runner.js:86162:18)\n    at Object.throwErrByPath (http://localhost:3000/__cypress/runner/cypress_runner.js:86194:17)\n    at retry (http://localhost:3000/__cypress/runner/cypress_runner.js:76849:16)\n    at onFailFn (http://localhost:3000/__cypress/runner/cypress_runner.js:65634:16)\n    at tryCatcher (http://localhost:3000/__cypress/runner/cypress_runner.js:120203:23)\n    at Promise._settlePromiseFromHandler (http://localhost:3000/__cypress/runner/cypress_runner.js:118139:31)\n    at Promise._settlePromise (http://localhost:3000/__cypress/runner/cypress_runner.js:118196:18)\n    at Promise._settlePromise0 (http://localhost:3000/__cypress/runner/cypress_runner.js:118241:10)\n    at Promise._settlePromises (http://localhost:3000/__cypress/runner/cypress_runner.js:118316:18)\n    at Async../node_modules/bluebird/js/release/async.js.Async._drainQueue (http://localhost:3000/__cypress/runner/cypress_runner.js:114928:16)\n    at Async../node_modules/bluebird/js/release/async.js.Async._drainQueues (http://localhost:3000/__cypress/runner/cypress_runner.js:114938:10)\n    at Async.drainQueues (http://localhost:3000/__cypress/runner/cypress_runner.js:114812:14)",
                "diff": null
              },
              "uuid": "49448920-b366-4c4e-9712-6ccb9c5d7600",
              "parentUUID": "2cdaac3d-a7df-474b-bf53-144710d484b8",
              "isHook": false,
              "skipped": false
            },
            {
              "title": "Tem os data-testids corretos para a tela de explorar bebidas por ingredientes",
              "fullTitle": "75 - Implemente os elementos da tela de explorar ingredientes respeitando os atributos descritos no protótipo Tem os data-testids corretos para a tela de explorar bebidas por ingredientes",
              "timedOut": null,
              "duration": 10470,
              "state": "failed",
              "speed": null,
              "pass": false,
              "fail": true,
              "pending": false,
              "context": null,
              "code": "cy.visit('http://localhost:3000/explorar/bebidas/ingredientes');\nfor (var index = 0; index < 12; index += 1) {\n  cy.get(\"[data-testid=\\\"\".concat(index, \"-ingredient-card\\\"]\"));\n  cy.get(\"[data-testid=\\\"\".concat(index, \"-card-img\\\"]\"));\n  cy.get(\"[data-testid=\\\"\".concat(index, \"-card-name\\\"]\"));\n}\ncy.get('[data-testid=\"12-recipe-card\"]').should('not.exist');\ncy.get('[data-testid=\"12-card-img\"]').should('not.exist');\ncy.get('[data-testid=\"12-card-name\"]').should('not.exist');",
              "err": {
                "message": "CypressError: Timed out retrying: Expected to find element: '[data-testid=\"0-ingredient-card\"]', but never found it.",
                "estack": "CypressError: Timed out retrying: Expected to find element: '[data-testid=\"0-ingredient-card\"]', but never found it.\n    at Object.cypressErr (http://localhost:3000/__cypress/runner/cypress_runner.js:86207:11)\n    at Object.throwErr (http://localhost:3000/__cypress/runner/cypress_runner.js:86162:18)\n    at Object.throwErrByPath (http://localhost:3000/__cypress/runner/cypress_runner.js:86194:17)\n    at retry (http://localhost:3000/__cypress/runner/cypress_runner.js:76849:16)\n    at onFailFn (http://localhost:3000/__cypress/runner/cypress_runner.js:65634:16)\n    at tryCatcher (http://localhost:3000/__cypress/runner/cypress_runner.js:120203:23)\n    at Promise._settlePromiseFromHandler (http://localhost:3000/__cypress/runner/cypress_runner.js:118139:31)\n    at Promise._settlePromise (http://localhost:3000/__cypress/runner/cypress_runner.js:118196:18)\n    at Promise._settlePromise0 (http://localhost:3000/__cypress/runner/cypress_runner.js:118241:10)\n    at Promise._settlePromises (http://localhost:3000/__cypress/runner/cypress_runner.js:118316:18)\n    at Async../node_modules/bluebird/js/release/async.js.Async._drainQueue (http://localhost:3000/__cypress/runner/cypress_runner.js:114928:16)\n    at Async../node_modules/bluebird/js/release/async.js.Async._drainQueues (http://localhost:3000/__cypress/runner/cypress_runner.js:114938:10)\n    at Async.drainQueues (http://localhost:3000/__cypress/runner/cypress_runner.js:114812:14)",
                "diff": null
              },
              "uuid": "a6dc7a6f-68a9-4788-8b6a-ce68f9a651f7",
              "parentUUID": "2cdaac3d-a7df-474b-bf53-144710d484b8",
              "isHook": false,
              "skipped": false
            }
          ],
          "suites": [],
          "passes": [],
          "failures": [
            "49448920-b366-4c4e-9712-6ccb9c5d7600",
            "a6dc7a6f-68a9-4788-8b6a-ce68f9a651f7"
          ],
          "pending": [],
          "skipped": [],
          "duration": 21621,
          "root": false,
          "rootEmpty": false,
          "_timeout": 2000
        },
        {
          "uuid": "b94341b6-7ac3-4f34-9df4-331dd2343016",
          "title": "76 - Desenvolva cards para os 12 primeiros ingredientes, de forma que cada card contenha o nome do ingrediente e uma foto",
          "fullFile": "",
          "file": "",
          "beforeHooks": [],
          "afterHooks": [],
          "tests": [
            {
              "title": "Tem o nome e a foto corretos para a tela de explorar comidas por ingredientes",
              "fullTitle": "76 - Desenvolva cards para os 12 primeiros ingredientes, de forma que cada card contenha o nome do ingrediente e uma foto Tem o nome e a foto corretos para a tela de explorar comidas por ingredientes",
              "timedOut": null,
              "duration": 10494,
              "state": "failed",
              "speed": null,
              "pass": false,
              "fail": true,
              "pending": false,
              "context": null,
              "code": "cy.visit('http://localhost:3000/explorar/comidas/ingredientes', {\n  onBeforeLoad: function onBeforeLoad(win) {\n    win.fetch = fetchMock;\n  }\n});\nmealIngredientsMock.meals.slice(0, 12).forEach(function (_ref, index) {\n  var ingredient = _ref.strIngredient;\n  cy.get(\"[data-testid=\\\"\".concat(index, \"-card-img\\\"]\")).should('have.attr', 'src').should('include', \"https://www.themealdb.com/images/ingredients/\".concat(ingredient, \"-Small.png\"));\n  cy.get(\"[data-testid=\\\"\".concat(index, \"-card-name\\\"]\")).contains(ingredient);\n});\ncy.get('[data-testid=\"12-card\"]').should('not.exist');\ncy.get('[data-testid=\"12-card-img\"]').should('not.exist');\ncy.get('[data-testid=\"12-card-name\"]').should('not.exist');",
              "err": {
                "message": "CypressError: Timed out retrying: Expected to find element: '[data-testid=\"0-card-img\"]', but never found it.",
                "estack": "CypressError: Timed out retrying: Expected to find element: '[data-testid=\"0-card-img\"]', but never found it.\n    at Object.cypressErr (http://localhost:3000/__cypress/runner/cypress_runner.js:86207:11)\n    at Object.throwErr (http://localhost:3000/__cypress/runner/cypress_runner.js:86162:18)\n    at Object.throwErrByPath (http://localhost:3000/__cypress/runner/cypress_runner.js:86194:17)\n    at retry (http://localhost:3000/__cypress/runner/cypress_runner.js:76849:16)\n    at onFailFn (http://localhost:3000/__cypress/runner/cypress_runner.js:65634:16)\n    at tryCatcher (http://localhost:3000/__cypress/runner/cypress_runner.js:120203:23)\n    at Promise._settlePromiseFromHandler (http://localhost:3000/__cypress/runner/cypress_runner.js:118139:31)\n    at Promise._settlePromise (http://localhost:3000/__cypress/runner/cypress_runner.js:118196:18)\n    at Promise._settlePromise0 (http://localhost:3000/__cypress/runner/cypress_runner.js:118241:10)\n    at Promise._settlePromises (http://localhost:3000/__cypress/runner/cypress_runner.js:118316:18)\n    at Async../node_modules/bluebird/js/release/async.js.Async._drainQueue (http://localhost:3000/__cypress/runner/cypress_runner.js:114928:16)\n    at Async../node_modules/bluebird/js/release/async.js.Async._drainQueues (http://localhost:3000/__cypress/runner/cypress_runner.js:114938:10)\n    at Async.drainQueues (http://localhost:3000/__cypress/runner/cypress_runner.js:114812:14)",
                "diff": null
              },
              "uuid": "7d41ad25-9cd7-47a5-bd5f-dfb83fd270d9",
              "parentUUID": "b94341b6-7ac3-4f34-9df4-331dd2343016",
              "isHook": false,
              "skipped": false
            },
            {
              "title": "Tem o nome e a foto corretos para a tela de explorar bebidas por ingredientes",
              "fullTitle": "76 - Desenvolva cards para os 12 primeiros ingredientes, de forma que cada card contenha o nome do ingrediente e uma foto Tem o nome e a foto corretos para a tela de explorar bebidas por ingredientes",
              "timedOut": null,
              "duration": 10489,
              "state": "failed",
              "speed": null,
              "pass": false,
              "fail": true,
              "pending": false,
              "context": null,
              "code": "cy.visit('http://localhost:3000/explorar/bebidas/ingredientes', {\n  onBeforeLoad: function onBeforeLoad(win) {\n    win.fetch = fetchMock;\n  }\n});\ndrinkIngredientsMock.drinks.slice(0, 12).forEach(function (_ref2, index) {\n  var ingredient = _ref2.strIngredient1;\n  cy.get(\"[data-testid=\\\"\".concat(index, \"-card-img\\\"]\")).should('have.attr', 'src').should('include', \"https://www.thecocktaildb.com/images/ingredients/\".concat(ingredient, \"-Small.png\"));\n  cy.get(\"[data-testid=\\\"\".concat(index, \"-card-name\\\"]\")).contains(ingredient);\n});\ncy.get('[data-testid=\"12-recipe-card\"]').should('not.exist');\ncy.get('[data-testid=\"12-card-img\"]').should('not.exist');\ncy.get('[data-testid=\"12-card-name\"]').should('not.exist');",
              "err": {
                "message": "CypressError: Timed out retrying: Expected to find element: '[data-testid=\"0-card-img\"]', but never found it.",
                "estack": "CypressError: Timed out retrying: Expected to find element: '[data-testid=\"0-card-img\"]', but never found it.\n    at Object.cypressErr (http://localhost:3000/__cypress/runner/cypress_runner.js:86207:11)\n    at Object.throwErr (http://localhost:3000/__cypress/runner/cypress_runner.js:86162:18)\n    at Object.throwErrByPath (http://localhost:3000/__cypress/runner/cypress_runner.js:86194:17)\n    at retry (http://localhost:3000/__cypress/runner/cypress_runner.js:76849:16)\n    at onFailFn (http://localhost:3000/__cypress/runner/cypress_runner.js:65634:16)\n    at tryCatcher (http://localhost:3000/__cypress/runner/cypress_runner.js:120203:23)\n    at Promise._settlePromiseFromHandler (http://localhost:3000/__cypress/runner/cypress_runner.js:118139:31)\n    at Promise._settlePromise (http://localhost:3000/__cypress/runner/cypress_runner.js:118196:18)\n    at Promise._settlePromise0 (http://localhost:3000/__cypress/runner/cypress_runner.js:118241:10)\n    at Promise._settlePromises (http://localhost:3000/__cypress/runner/cypress_runner.js:118316:18)\n    at Async../node_modules/bluebird/js/release/async.js.Async._drainQueue (http://localhost:3000/__cypress/runner/cypress_runner.js:114928:16)\n    at Async../node_modules/bluebird/js/release/async.js.Async._drainQueues (http://localhost:3000/__cypress/runner/cypress_runner.js:114938:10)\n    at Async.drainQueues (http://localhost:3000/__cypress/runner/cypress_runner.js:114812:14)",
                "diff": null
              },
              "uuid": "e8883488-c35d-4b0f-adf9-0e873efbb795",
              "parentUUID": "b94341b6-7ac3-4f34-9df4-331dd2343016",
              "isHook": false,
              "skipped": false
            }
          ],
          "suites": [],
          "passes": [],
          "failures": [
            "7d41ad25-9cd7-47a5-bd5f-dfb83fd270d9",
            "e8883488-c35d-4b0f-adf9-0e873efbb795"
          ],
          "pending": [],
          "skipped": [],
          "duration": 20983,
          "root": false,
          "rootEmpty": false,
          "_timeout": 2000
        },
        {
          "uuid": "8b131d25-9eaa-4d60-8c49-a1326db1a305",
          "title": "77 -  Redireciona a pessoa usuária ao clicar no card do ingrediente, a rota deve mudar para tela principal de receitas mas mostrando apenas as receitas que contém o ingrediente escolhido",
          "fullFile": "",
          "file": "",
          "beforeHooks": [],
          "afterHooks": [],
          "tests": [
            {
              "title": "Ao clicar no card do ingrediente da tela de explorar comidas por ingrediente a rota muda para a tela principal de receitas filtrada pelo ingrediente",
              "fullTitle": "77 -  Redireciona a pessoa usuária ao clicar no card do ingrediente, a rota deve mudar para tela principal de receitas mas mostrando apenas as receitas que contém o ingrediente escolhido Ao clicar no card do ingrediente da tela de explorar comidas por ingrediente a rota muda para a tela principal de receitas filtrada pelo ingrediente",
              "timedOut": null,
              "duration": 10440,
              "state": "failed",
              "speed": null,
              "pass": false,
              "fail": true,
              "pending": false,
              "context": null,
              "code": "cy.visit('http://localhost:3000/explorar/comidas/ingredientes', {\n  onBeforeLoad: function onBeforeLoad(win) {\n    win.fetch = fetchMock;\n  }\n});\ncy.get('[data-testid=\"0-ingredient-card\"]').click();\nmealsByIngredientMock.meals.slice(0, 12).forEach(function (meal, index) {\n  cy.get(\"[data-testid=\\\"\".concat(index, \"-recipe-card\\\"]\"));\n  cy.get(\"[data-testid=\\\"\".concat(index, \"-card-img\\\"]\")).should('have.attr', 'src').should('include', meal['strMealThumb']);\n  cy.get(\"[data-testid=\\\"\".concat(index, \"-card-name\\\"]\")).contains(meal['strMeal']);\n});\ncy.get('[data-testid=\"12-recipe-card\"]').should('not.exist');\ncy.get('[data-testid=\"12-card-img\"]').should('not.exist');\ncy.get('[data-testid=\"12-card-name\"]').should('not.exist');",
              "err": {
                "message": "CypressError: Timed out retrying: Expected to find element: '[data-testid=\"0-ingredient-card\"]', but never found it.",
                "estack": "CypressError: Timed out retrying: Expected to find element: '[data-testid=\"0-ingredient-card\"]', but never found it.\n    at Object.cypressErr (http://localhost:3000/__cypress/runner/cypress_runner.js:86207:11)\n    at Object.throwErr (http://localhost:3000/__cypress/runner/cypress_runner.js:86162:18)\n    at Object.throwErrByPath (http://localhost:3000/__cypress/runner/cypress_runner.js:86194:17)\n    at retry (http://localhost:3000/__cypress/runner/cypress_runner.js:76849:16)\n    at onFailFn (http://localhost:3000/__cypress/runner/cypress_runner.js:65634:16)\n    at tryCatcher (http://localhost:3000/__cypress/runner/cypress_runner.js:120203:23)\n    at Promise._settlePromiseFromHandler (http://localhost:3000/__cypress/runner/cypress_runner.js:118139:31)\n    at Promise._settlePromise (http://localhost:3000/__cypress/runner/cypress_runner.js:118196:18)\n    at Promise._settlePromise0 (http://localhost:3000/__cypress/runner/cypress_runner.js:118241:10)\n    at Promise._settlePromises (http://localhost:3000/__cypress/runner/cypress_runner.js:118316:18)\n    at Async../node_modules/bluebird/js/release/async.js.Async._drainQueue (http://localhost:3000/__cypress/runner/cypress_runner.js:114928:16)\n    at Async../node_modules/bluebird/js/release/async.js.Async._drainQueues (http://localhost:3000/__cypress/runner/cypress_runner.js:114938:10)\n    at Async.drainQueues (http://localhost:3000/__cypress/runner/cypress_runner.js:114812:14)",
                "diff": null
              },
              "uuid": "a6cf7a2d-bf78-486d-a6a0-c704d3d6a32c",
              "parentUUID": "8b131d25-9eaa-4d60-8c49-a1326db1a305",
              "isHook": false,
              "skipped": false
            },
            {
              "title": "Ao clicar no card do ingrediente da tela de explorar bebidas por ingrediente a rota muda para a tela principal de receitas filtrada pelo ingrediente",
              "fullTitle": "77 -  Redireciona a pessoa usuária ao clicar no card do ingrediente, a rota deve mudar para tela principal de receitas mas mostrando apenas as receitas que contém o ingrediente escolhido Ao clicar no card do ingrediente da tela de explorar bebidas por ingrediente a rota muda para a tela principal de receitas filtrada pelo ingrediente",
              "timedOut": null,
              "duration": 10415,
              "state": "failed",
              "speed": null,
              "pass": false,
              "fail": true,
              "pending": false,
              "context": null,
              "code": "cy.visit('http://localhost:3000/explorar/bebidas/ingredientes', {\n  onBeforeLoad: function onBeforeLoad(win) {\n    win.fetch = fetchMock;\n  }\n});\ncy.get('[data-testid=\"0-ingredient-card\"]').click();\ndrinksByIngredientMock.drinks.slice(0, 12).forEach(function (drink, index) {\n  cy.get(\"[data-testid=\\\"\".concat(index, \"-recipe-card\\\"]\"));\n  cy.get(\"[data-testid=\\\"\".concat(index, \"-card-img\\\"]\")).should('have.attr', 'src').should('include', drink['strDrinkThumb']);\n  cy.get(\"[data-testid=\\\"\".concat(index, \"-card-name\\\"]\")).contains(drink['strDrink']);\n});\ncy.get('[data-testid=\"12-recipe-card\"]').should('not.exist');\ncy.get('[data-testid=\"12-card-img\"]').should('not.exist');\ncy.get('[data-testid=\"12-card-name\"]').should('not.exist');",
              "err": {
                "message": "CypressError: Timed out retrying: Expected to find element: '[data-testid=\"0-ingredient-card\"]', but never found it.",
                "estack": "CypressError: Timed out retrying: Expected to find element: '[data-testid=\"0-ingredient-card\"]', but never found it.\n    at Object.cypressErr (http://localhost:3000/__cypress/runner/cypress_runner.js:86207:11)\n    at Object.throwErr (http://localhost:3000/__cypress/runner/cypress_runner.js:86162:18)\n    at Object.throwErrByPath (http://localhost:3000/__cypress/runner/cypress_runner.js:86194:17)\n    at retry (http://localhost:3000/__cypress/runner/cypress_runner.js:76849:16)\n    at onFailFn (http://localhost:3000/__cypress/runner/cypress_runner.js:65634:16)\n    at tryCatcher (http://localhost:3000/__cypress/runner/cypress_runner.js:120203:23)\n    at Promise._settlePromiseFromHandler (http://localhost:3000/__cypress/runner/cypress_runner.js:118139:31)\n    at Promise._settlePromise (http://localhost:3000/__cypress/runner/cypress_runner.js:118196:18)\n    at Promise._settlePromise0 (http://localhost:3000/__cypress/runner/cypress_runner.js:118241:10)\n    at Promise._settlePromises (http://localhost:3000/__cypress/runner/cypress_runner.js:118316:18)\n    at Async../node_modules/bluebird/js/release/async.js.Async._drainQueue (http://localhost:3000/__cypress/runner/cypress_runner.js:114928:16)\n    at Async../node_modules/bluebird/js/release/async.js.Async._drainQueues (http://localhost:3000/__cypress/runner/cypress_runner.js:114938:10)\n    at Async.drainQueues (http://localhost:3000/__cypress/runner/cypress_runner.js:114812:14)",
                "diff": null
              },
              "uuid": "7bbd9c2e-a68d-4eec-93fd-fb32ce8766f0",
              "parentUUID": "8b131d25-9eaa-4d60-8c49-a1326db1a305",
              "isHook": false,
              "skipped": false
            }
          ],
          "suites": [],
          "passes": [],
          "failures": [
            "a6cf7a2d-bf78-486d-a6a0-c704d3d6a32c",
            "7bbd9c2e-a68d-4eec-93fd-fb32ce8766f0"
          ],
          "pending": [],
          "skipped": [],
          "duration": 20855,
          "root": false,
          "rootEmpty": false,
          "_timeout": 2000
        }
      ],
      "passes": [],
      "failures": [],
      "pending": [],
      "skipped": [],
      "duration": 0,
      "root": true,
      "rootEmpty": true,
      "_timeout": 2000
    }
  ],
  "meta": {
    "mocha": {
      "version": "8.2.1"
    },
    "mochawesome": {
      "options": {
        "quiet": false,
        "reportFilename": "mochawesome",
        "saveHtml": false,
        "saveJson": true,
        "consoleReporter": "spec",
        "useInlineDiffs": false,
        "code": true
      },
      "version": "6.2.1"
    },
    "marge": {
      "options": {
        "id": "default",
        "reportDir": "cypress/reports",
        "overwrite": false,
        "html": false,
        "json": true
      },
      "version": "5.1.0"
    }
  }
}